2018-05-19 15:46:07.155  INFO 7564 --- [main] c.w.seckill.Service.SysUserServiceTest   : Starting SysUserServiceTest on TUIG-20180212UW with PID 7564 (started by pjmike in F:\IDEAproject\seckill-2)
2018-05-19 15:46:07.157  INFO 7564 --- [main] c.w.seckill.Service.SysUserServiceTest   : The following profiles are active: test
2018-05-19 15:46:07.256  INFO 7564 --- [main] o.s.w.c.s.GenericWebApplicationContext   : Refreshing org.springframework.web.context.support.GenericWebApplicationContext@312aa7c: startup date [Sat May 19 15:46:07 CST 2018]; root of context hierarchy
2018-05-19 15:46:09.640  INFO 7564 --- [main] .s.d.r.c.RepositoryConfigurationDelegate : Multiple Spring Data modules found, entering strict repository configuration mode!
2018-05-19 15:46:10.718  INFO 7564 --- [main] trationDelegate$BeanPostProcessorChecker : Bean 'org.springframework.transaction.annotation.ProxyTransactionManagementConfiguration' of type [org.springframework.transaction.annotation.ProxyTransactionManagementConfiguration$$EnhancerBySpringCGLIB$$7a0197c6] is not eligible for getting processed by all BeanPostProcessors (for example: not eligible for auto-proxying)
2018-05-19 15:46:12.591  INFO 7564 --- [main] o.s.w.s.handler.SimpleUrlHandlerMapping  : Mapped URL path [/**/favicon.ico] onto handler of type [class org.springframework.web.servlet.resource.ResourceHttpRequestHandler]
2018-05-19 15:46:13.753  INFO 7564 --- [main] s.w.s.m.m.a.RequestMappingHandlerAdapter : Looking for @ControllerAdvice: org.springframework.web.context.support.GenericWebApplicationContext@312aa7c: startup date [Sat May 19 15:46:07 CST 2018]; root of context hierarchy
2018-05-19 15:46:14.015  INFO 7564 --- [main] s.w.s.m.m.a.RequestMappingHandlerMapping : Mapped "{[/user],methods=[POST],produces=[application/json;charset=UTF-8]}" onto public com.wizz.seckill.Model.reqRes com.wizz.seckill.Controller.AccountController.signUp(java.util.Map<java.lang.String, java.lang.String>)
2018-05-19 15:46:14.028  INFO 7564 --- [main] s.w.s.m.m.a.RequestMappingHandlerMapping : Mapped "{[/login],methods=[POST],produces=[application/json;charset=UTF-8]}" onto public com.wizz.seckill.Model.reqRes com.wizz.seckill.Controller.AccountController.signIn(java.util.Map<java.lang.String, java.lang.String>,javax.servlet.http.HttpServletResponse) throws java.io.UnsupportedEncodingException
2018-05-19 15:46:14.030  INFO 7564 --- [main] s.w.s.m.m.a.RequestMappingHandlerMapping : Mapped "{[/tickets],methods=[POST]}" onto com.wizz.seckill.Model.reqRes com.wizz.seckill.Controller.seckillController.resHandler(javax.servlet.http.HttpServletRequest,java.util.Map<java.lang.String, java.lang.Object>)
2018-05-19 15:46:14.054  INFO 7564 --- [main] s.w.s.m.m.a.RequestMappingHandlerMapping : Mapped "{[/error]}" onto public org.springframework.http.ResponseEntity<java.util.Map<java.lang.String, java.lang.Object>> org.springframework.boot.autoconfigure.web.servlet.error.BasicErrorController.error(javax.servlet.http.HttpServletRequest)
2018-05-19 15:46:14.055  INFO 7564 --- [main] s.w.s.m.m.a.RequestMappingHandlerMapping : Mapped "{[/error],produces=[text/html]}" onto public org.springframework.web.servlet.ModelAndView org.springframework.boot.autoconfigure.web.servlet.error.BasicErrorController.errorHtml(javax.servlet.http.HttpServletRequest,javax.servlet.http.HttpServletResponse)
2018-05-19 15:46:14.608  INFO 7564 --- [main] o.s.w.s.handler.SimpleUrlHandlerMapping  : Mapped URL path [/webjars/**] onto handler of type [class org.springframework.web.servlet.resource.ResourceHttpRequestHandler]
2018-05-19 15:46:14.615  INFO 7564 --- [main] o.s.w.s.handler.SimpleUrlHandlerMapping  : Mapped URL path [/**] onto handler of type [class org.springframework.web.servlet.resource.ResourceHttpRequestHandler]
2018-05-19 15:46:16.808  INFO 7564 --- [main] s.a.ScheduledAnnotationBeanPostProcessor : No TaskScheduler/ScheduledExecutorService bean found for scheduled processing
2018-05-19 15:46:16.838  INFO 7564 --- [main] c.w.seckill.Service.SysUserServiceTest   : Started SysUserServiceTest in 10.957 seconds (JVM running for 14.835)
2018-05-19 15:46:16.900  INFO 7564 --- [pool-1-thread-1] com.zaxxer.hikari.HikariDataSource       : HikariPool-1 - Starting...
2018-05-19 15:46:17.952  INFO 7564 --- [pool-1-thread-1] com.zaxxer.hikari.HikariDataSource       : HikariPool-1 - Start completed.
2018-05-19 15:46:18.155  INFO 7564 --- [main] o.s.b.f.xml.XmlBeanDefinitionReader      : Loading XML bean definitions from class path resource [org/springframework/jdbc/support/sql-error-codes.xml]
2018-05-19 15:46:18.326  INFO 7564 --- [pool-1-thread-1] com.wizz.seckill.Service.TimerService    : 刷新缓存 数据库中有 : 456 缓存票数为 : 507
2018-05-19 15:46:18.366  INFO 7564 --- [main] o.s.jdbc.support.SQLErrorCodesFactory    : SQLErrorCodes loaded: [DB2, Derby, H2, HDB, HSQL, Informix, MS-SQL, MySQL, Oracle, PostgreSQL, Sybase]
2018-05-19 15:46:18.438  INFO 7564 --- [Thread-2] o.s.w.c.s.GenericWebApplicationContext   : Closing org.springframework.web.context.support.GenericWebApplicationContext@312aa7c: startup date [Sat May 19 15:46:07 CST 2018]; root of context hierarchy
2018-05-19 15:46:18.484  INFO 7564 --- [Thread-2] com.zaxxer.hikari.HikariDataSource       : HikariPool-1 - Shutdown initiated...
2018-05-19 15:46:18.686  INFO 7564 --- [Thread-2] com.zaxxer.hikari.HikariDataSource       : HikariPool-1 - Shutdown completed.
2018-05-19 15:48:38.890  INFO 23620 --- [main] c.w.seckill.Service.SysUserServiceTest   : Starting SysUserServiceTest on TUIG-20180212UW with PID 23620 (started by pjmike in F:\IDEAproject\seckill-2)
2018-05-19 15:48:38.892  INFO 23620 --- [main] c.w.seckill.Service.SysUserServiceTest   : The following profiles are active: test
2018-05-19 15:48:39.027  INFO 23620 --- [main] o.s.w.c.s.GenericWebApplicationContext   : Refreshing org.springframework.web.context.support.GenericWebApplicationContext@72bc6553: startup date [Sat May 19 15:48:39 CST 2018]; root of context hierarchy
2018-05-19 15:48:41.447  INFO 23620 --- [main] .s.d.r.c.RepositoryConfigurationDelegate : Multiple Spring Data modules found, entering strict repository configuration mode!
2018-05-19 15:48:43.234  INFO 23620 --- [main] trationDelegate$BeanPostProcessorChecker : Bean 'org.springframework.transaction.annotation.ProxyTransactionManagementConfiguration' of type [org.springframework.transaction.annotation.ProxyTransactionManagementConfiguration$$EnhancerBySpringCGLIB$$1aeeaee6] is not eligible for getting processed by all BeanPostProcessors (for example: not eligible for auto-proxying)
2018-05-19 15:48:44.523  INFO 23620 --- [main] o.s.w.s.handler.SimpleUrlHandlerMapping  : Mapped URL path [/**/favicon.ico] onto handler of type [class org.springframework.web.servlet.resource.ResourceHttpRequestHandler]
2018-05-19 15:48:45.115  INFO 23620 --- [main] s.w.s.m.m.a.RequestMappingHandlerAdapter : Looking for @ControllerAdvice: org.springframework.web.context.support.GenericWebApplicationContext@72bc6553: startup date [Sat May 19 15:48:39 CST 2018]; root of context hierarchy
2018-05-19 15:48:45.270  INFO 23620 --- [main] s.w.s.m.m.a.RequestMappingHandlerMapping : Mapped "{[/login],methods=[POST],produces=[application/json;charset=UTF-8]}" onto public com.wizz.seckill.Model.reqRes com.wizz.seckill.Controller.AccountController.signIn(java.util.Map<java.lang.String, java.lang.String>,javax.servlet.http.HttpServletResponse) throws java.io.UnsupportedEncodingException
2018-05-19 15:48:45.273  INFO 23620 --- [main] s.w.s.m.m.a.RequestMappingHandlerMapping : Mapped "{[/user],methods=[POST],produces=[application/json;charset=UTF-8]}" onto public com.wizz.seckill.Model.reqRes com.wizz.seckill.Controller.AccountController.signUp(java.util.Map<java.lang.String, java.lang.String>)
2018-05-19 15:48:45.274  INFO 23620 --- [main] s.w.s.m.m.a.RequestMappingHandlerMapping : Mapped "{[/tickets],methods=[POST]}" onto com.wizz.seckill.Model.reqRes com.wizz.seckill.Controller.seckillController.resHandler(javax.servlet.http.HttpServletRequest,java.util.Map<java.lang.String, java.lang.Object>)
2018-05-19 15:48:45.280  INFO 23620 --- [main] s.w.s.m.m.a.RequestMappingHandlerMapping : Mapped "{[/error]}" onto public org.springframework.http.ResponseEntity<java.util.Map<java.lang.String, java.lang.Object>> org.springframework.boot.autoconfigure.web.servlet.error.BasicErrorController.error(javax.servlet.http.HttpServletRequest)
2018-05-19 15:48:45.281  INFO 23620 --- [main] s.w.s.m.m.a.RequestMappingHandlerMapping : Mapped "{[/error],produces=[text/html]}" onto public org.springframework.web.servlet.ModelAndView org.springframework.boot.autoconfigure.web.servlet.error.BasicErrorController.errorHtml(javax.servlet.http.HttpServletRequest,javax.servlet.http.HttpServletResponse)
2018-05-19 15:48:45.348  INFO 23620 --- [main] o.s.w.s.handler.SimpleUrlHandlerMapping  : Mapped URL path [/webjars/**] onto handler of type [class org.springframework.web.servlet.resource.ResourceHttpRequestHandler]
2018-05-19 15:48:45.349  INFO 23620 --- [main] o.s.w.s.handler.SimpleUrlHandlerMapping  : Mapped URL path [/**] onto handler of type [class org.springframework.web.servlet.resource.ResourceHttpRequestHandler]
2018-05-19 15:48:46.489  INFO 23620 --- [main] s.a.ScheduledAnnotationBeanPostProcessor : No TaskScheduler/ScheduledExecutorService bean found for scheduled processing
2018-05-19 15:48:46.509  INFO 23620 --- [main] c.w.seckill.Service.SysUserServiceTest   : Started SysUserServiceTest in 8.747 seconds (JVM running for 10.841)
2018-05-19 15:48:46.782  INFO 23620 --- [pool-1-thread-1] com.zaxxer.hikari.HikariDataSource       : HikariPool-1 - Starting...
2018-05-19 15:48:47.862  INFO 23620 --- [pool-1-thread-1] com.zaxxer.hikari.HikariDataSource       : HikariPool-1 - Start completed.
2018-05-19 15:48:47.995  INFO 23620 --- [Thread-2] o.s.w.c.s.GenericWebApplicationContext   : Closing org.springframework.web.context.support.GenericWebApplicationContext@72bc6553: startup date [Sat May 19 15:48:39 CST 2018]; root of context hierarchy
2018-05-19 15:48:48.006  INFO 23620 --- [Thread-2] com.zaxxer.hikari.HikariDataSource       : HikariPool-1 - Shutdown initiated...
2018-05-19 15:48:48.097  INFO 23620 --- [Thread-2] com.zaxxer.hikari.HikariDataSource       : HikariPool-1 - Shutdown completed.
2018-05-19 15:49:01.549  INFO 20236 --- [main] c.w.seckill.Service.SysUserServiceTest   : Starting SysUserServiceTest on TUIG-20180212UW with PID 20236 (started by pjmike in F:\IDEAproject\seckill-2)
2018-05-19 15:49:01.552  INFO 20236 --- [main] c.w.seckill.Service.SysUserServiceTest   : The following profiles are active: test
2018-05-19 15:49:01.654  INFO 20236 --- [main] o.s.w.c.s.GenericWebApplicationContext   : Refreshing org.springframework.web.context.support.GenericWebApplicationContext@72bc6553: startup date [Sat May 19 15:49:01 CST 2018]; root of context hierarchy
2018-05-19 15:49:03.796  INFO 20236 --- [main] .s.d.r.c.RepositoryConfigurationDelegate : Multiple Spring Data modules found, entering strict repository configuration mode!
2018-05-19 15:49:04.635  INFO 20236 --- [main] trationDelegate$BeanPostProcessorChecker : Bean 'org.springframework.transaction.annotation.ProxyTransactionManagementConfiguration' of type [org.springframework.transaction.annotation.ProxyTransactionManagementConfiguration$$EnhancerBySpringCGLIB$$4e6d7c9e] is not eligible for getting processed by all BeanPostProcessors (for example: not eligible for auto-proxying)
2018-05-19 15:49:06.219  INFO 20236 --- [main] o.s.w.s.handler.SimpleUrlHandlerMapping  : Mapped URL path [/**/favicon.ico] onto handler of type [class org.springframework.web.servlet.resource.ResourceHttpRequestHandler]
2018-05-19 15:49:06.940  INFO 20236 --- [main] s.w.s.m.m.a.RequestMappingHandlerAdapter : Looking for @ControllerAdvice: org.springframework.web.context.support.GenericWebApplicationContext@72bc6553: startup date [Sat May 19 15:49:01 CST 2018]; root of context hierarchy
2018-05-19 15:49:07.090  INFO 20236 --- [main] s.w.s.m.m.a.RequestMappingHandlerMapping : Mapped "{[/user],methods=[POST],produces=[application/json;charset=UTF-8]}" onto public com.wizz.seckill.Model.reqRes com.wizz.seckill.Controller.AccountController.signUp(java.util.Map<java.lang.String, java.lang.String>)
2018-05-19 15:49:07.093  INFO 20236 --- [main] s.w.s.m.m.a.RequestMappingHandlerMapping : Mapped "{[/login],methods=[POST],produces=[application/json;charset=UTF-8]}" onto public com.wizz.seckill.Model.reqRes com.wizz.seckill.Controller.AccountController.signIn(java.util.Map<java.lang.String, java.lang.String>,javax.servlet.http.HttpServletResponse) throws java.io.UnsupportedEncodingException
2018-05-19 15:49:07.097  INFO 20236 --- [main] s.w.s.m.m.a.RequestMappingHandlerMapping : Mapped "{[/tickets],methods=[POST]}" onto com.wizz.seckill.Model.reqRes com.wizz.seckill.Controller.seckillController.resHandler(javax.servlet.http.HttpServletRequest,java.util.Map<java.lang.String, java.lang.Object>)
2018-05-19 15:49:07.102  INFO 20236 --- [main] s.w.s.m.m.a.RequestMappingHandlerMapping : Mapped "{[/error]}" onto public org.springframework.http.ResponseEntity<java.util.Map<java.lang.String, java.lang.Object>> org.springframework.boot.autoconfigure.web.servlet.error.BasicErrorController.error(javax.servlet.http.HttpServletRequest)
2018-05-19 15:49:07.103  INFO 20236 --- [main] s.w.s.m.m.a.RequestMappingHandlerMapping : Mapped "{[/error],produces=[text/html]}" onto public org.springframework.web.servlet.ModelAndView org.springframework.boot.autoconfigure.web.servlet.error.BasicErrorController.errorHtml(javax.servlet.http.HttpServletRequest,javax.servlet.http.HttpServletResponse)
2018-05-19 15:49:07.280  INFO 20236 --- [main] o.s.w.s.handler.SimpleUrlHandlerMapping  : Mapped URL path [/webjars/**] onto handler of type [class org.springframework.web.servlet.resource.ResourceHttpRequestHandler]
2018-05-19 15:49:07.293  INFO 20236 --- [main] o.s.w.s.handler.SimpleUrlHandlerMapping  : Mapped URL path [/**] onto handler of type [class org.springframework.web.servlet.resource.ResourceHttpRequestHandler]
2018-05-19 15:49:10.299  INFO 20236 --- [main] s.a.ScheduledAnnotationBeanPostProcessor : No TaskScheduler/ScheduledExecutorService bean found for scheduled processing
2018-05-19 15:49:10.324  INFO 20236 --- [main] c.w.seckill.Service.SysUserServiceTest   : Started SysUserServiceTest in 9.801 seconds (JVM running for 11.859)
2018-05-19 15:49:10.384  INFO 20236 --- [pool-1-thread-1] com.zaxxer.hikari.HikariDataSource       : HikariPool-1 - Starting...
2018-05-19 15:49:11.503  INFO 20236 --- [pool-1-thread-1] com.zaxxer.hikari.HikariDataSource       : HikariPool-1 - Start completed.
2018-05-19 15:49:11.622  INFO 20236 --- [Thread-2] o.s.w.c.s.GenericWebApplicationContext   : Closing org.springframework.web.context.support.GenericWebApplicationContext@72bc6553: startup date [Sat May 19 15:49:01 CST 2018]; root of context hierarchy
2018-05-19 15:49:11.632  INFO 20236 --- [Thread-2] com.zaxxer.hikari.HikariDataSource       : HikariPool-1 - Shutdown initiated...
2018-05-19 15:49:11.784  INFO 20236 --- [Thread-2] com.zaxxer.hikari.HikariDataSource       : HikariPool-1 - Shutdown completed.
2018-05-19 15:50:08.039  INFO 16492 --- [main] c.w.seckill.Service.SysUserServiceTest   : Starting SysUserServiceTest on TUIG-20180212UW with PID 16492 (started by pjmike in F:\IDEAproject\seckill-2)
2018-05-19 15:50:08.041  INFO 16492 --- [main] c.w.seckill.Service.SysUserServiceTest   : The following profiles are active: test
2018-05-19 15:50:08.122  INFO 16492 --- [main] o.s.w.c.s.GenericWebApplicationContext   : Refreshing org.springframework.web.context.support.GenericWebApplicationContext@72bc6553: startup date [Sat May 19 15:50:08 CST 2018]; root of context hierarchy
2018-05-19 15:50:10.210  INFO 16492 --- [main] .s.d.r.c.RepositoryConfigurationDelegate : Multiple Spring Data modules found, entering strict repository configuration mode!
2018-05-19 15:50:10.980  INFO 16492 --- [main] trationDelegate$BeanPostProcessorChecker : Bean 'org.springframework.transaction.annotation.ProxyTransactionManagementConfiguration' of type [org.springframework.transaction.annotation.ProxyTransactionManagementConfiguration$$EnhancerBySpringCGLIB$$1b6933ca] is not eligible for getting processed by all BeanPostProcessors (for example: not eligible for auto-proxying)
2018-05-19 15:50:12.434  INFO 16492 --- [main] o.s.w.s.handler.SimpleUrlHandlerMapping  : Mapped URL path [/**/favicon.ico] onto handler of type [class org.springframework.web.servlet.resource.ResourceHttpRequestHandler]
2018-05-19 15:50:13.023  INFO 16492 --- [main] s.w.s.m.m.a.RequestMappingHandlerAdapter : Looking for @ControllerAdvice: org.springframework.web.context.support.GenericWebApplicationContext@72bc6553: startup date [Sat May 19 15:50:08 CST 2018]; root of context hierarchy
2018-05-19 15:50:13.202  INFO 16492 --- [main] s.w.s.m.m.a.RequestMappingHandlerMapping : Mapped "{[/login],methods=[POST],produces=[application/json;charset=UTF-8]}" onto public com.wizz.seckill.Model.reqRes com.wizz.seckill.Controller.AccountController.signIn(java.util.Map<java.lang.String, java.lang.String>,javax.servlet.http.HttpServletResponse) throws java.io.UnsupportedEncodingException
2018-05-19 15:50:13.204  INFO 16492 --- [main] s.w.s.m.m.a.RequestMappingHandlerMapping : Mapped "{[/user],methods=[POST],produces=[application/json;charset=UTF-8]}" onto public com.wizz.seckill.Model.reqRes com.wizz.seckill.Controller.AccountController.signUp(java.util.Map<java.lang.String, java.lang.String>)
2018-05-19 15:50:13.206  INFO 16492 --- [main] s.w.s.m.m.a.RequestMappingHandlerMapping : Mapped "{[/tickets],methods=[POST]}" onto com.wizz.seckill.Model.reqRes com.wizz.seckill.Controller.seckillController.resHandler(javax.servlet.http.HttpServletRequest,java.util.Map<java.lang.String, java.lang.Object>)
2018-05-19 15:50:13.215  INFO 16492 --- [main] s.w.s.m.m.a.RequestMappingHandlerMapping : Mapped "{[/error]}" onto public org.springframework.http.ResponseEntity<java.util.Map<java.lang.String, java.lang.Object>> org.springframework.boot.autoconfigure.web.servlet.error.BasicErrorController.error(javax.servlet.http.HttpServletRequest)
2018-05-19 15:50:13.216  INFO 16492 --- [main] s.w.s.m.m.a.RequestMappingHandlerMapping : Mapped "{[/error],produces=[text/html]}" onto public org.springframework.web.servlet.ModelAndView org.springframework.boot.autoconfigure.web.servlet.error.BasicErrorController.errorHtml(javax.servlet.http.HttpServletRequest,javax.servlet.http.HttpServletResponse)
2018-05-19 15:50:13.316  INFO 16492 --- [main] o.s.w.s.handler.SimpleUrlHandlerMapping  : Mapped URL path [/webjars/**] onto handler of type [class org.springframework.web.servlet.resource.ResourceHttpRequestHandler]
2018-05-19 15:50:13.318  INFO 16492 --- [main] o.s.w.s.handler.SimpleUrlHandlerMapping  : Mapped URL path [/**] onto handler of type [class org.springframework.web.servlet.resource.ResourceHttpRequestHandler]
2018-05-19 15:50:14.465  INFO 16492 --- [main] s.a.ScheduledAnnotationBeanPostProcessor : No TaskScheduler/ScheduledExecutorService bean found for scheduled processing
2018-05-19 15:50:14.485  INFO 16492 --- [main] c.w.seckill.Service.SysUserServiceTest   : Started SysUserServiceTest in 7.783 seconds (JVM running for 10.38)
2018-05-19 15:50:14.555  INFO 16492 --- [pool-1-thread-1] com.zaxxer.hikari.HikariDataSource       : HikariPool-1 - Starting...
2018-05-19 15:50:15.501  INFO 16492 --- [pool-1-thread-1] com.zaxxer.hikari.HikariDataSource       : HikariPool-1 - Start completed.
2018-05-19 15:50:15.594  INFO 16492 --- [main] c.w.seckill.Service.SysUserServiceTest   : user: SysUser(id=null, username=pjmike, password=123456)
2018-05-19 15:50:15.604  INFO 16492 --- [Thread-2] o.s.w.c.s.GenericWebApplicationContext   : Closing org.springframework.web.context.support.GenericWebApplicationContext@72bc6553: startup date [Sat May 19 15:50:08 CST 2018]; root of context hierarchy
2018-05-19 15:50:15.614  INFO 16492 --- [Thread-2] com.zaxxer.hikari.HikariDataSource       : HikariPool-1 - Shutdown initiated...
2018-05-19 15:50:15.800  INFO 16492 --- [Thread-2] com.zaxxer.hikari.HikariDataSource       : HikariPool-1 - Shutdown completed.
2018-05-19 15:51:32.263  INFO 3784 --- [main] c.w.seckill.Service.SysUserServiceTest   : Starting SysUserServiceTest on TUIG-20180212UW with PID 3784 (started by pjmike in F:\IDEAproject\seckill-2)
2018-05-19 15:51:32.265  INFO 3784 --- [main] c.w.seckill.Service.SysUserServiceTest   : The following profiles are active: test
2018-05-19 15:51:32.372  INFO 3784 --- [main] o.s.w.c.s.GenericWebApplicationContext   : Refreshing org.springframework.web.context.support.GenericWebApplicationContext@72bc6553: startup date [Sat May 19 15:51:32 CST 2018]; root of context hierarchy
2018-05-19 15:51:34.579  INFO 3784 --- [main] .s.d.r.c.RepositoryConfigurationDelegate : Multiple Spring Data modules found, entering strict repository configuration mode!
2018-05-19 15:51:35.411  INFO 3784 --- [main] trationDelegate$BeanPostProcessorChecker : Bean 'org.springframework.transaction.annotation.ProxyTransactionManagementConfiguration' of type [org.springframework.transaction.annotation.ProxyTransactionManagementConfiguration$$EnhancerBySpringCGLIB$$1b6933ca] is not eligible for getting processed by all BeanPostProcessors (for example: not eligible for auto-proxying)
2018-05-19 15:51:36.862  INFO 3784 --- [main] o.s.w.s.handler.SimpleUrlHandlerMapping  : Mapped URL path [/**/favicon.ico] onto handler of type [class org.springframework.web.servlet.resource.ResourceHttpRequestHandler]
2018-05-19 15:51:37.593  INFO 3784 --- [main] s.w.s.m.m.a.RequestMappingHandlerAdapter : Looking for @ControllerAdvice: org.springframework.web.context.support.GenericWebApplicationContext@72bc6553: startup date [Sat May 19 15:51:32 CST 2018]; root of context hierarchy
2018-05-19 15:51:37.742  INFO 3784 --- [main] s.w.s.m.m.a.RequestMappingHandlerMapping : Mapped "{[/user],methods=[POST],produces=[application/json;charset=UTF-8]}" onto public com.wizz.seckill.Model.reqRes com.wizz.seckill.Controller.AccountController.signUp(java.util.Map<java.lang.String, java.lang.String>)
2018-05-19 15:51:37.744  INFO 3784 --- [main] s.w.s.m.m.a.RequestMappingHandlerMapping : Mapped "{[/login],methods=[POST],produces=[application/json;charset=UTF-8]}" onto public com.wizz.seckill.Model.reqRes com.wizz.seckill.Controller.AccountController.signIn(java.util.Map<java.lang.String, java.lang.String>,javax.servlet.http.HttpServletResponse) throws java.io.UnsupportedEncodingException
2018-05-19 15:51:37.746  INFO 3784 --- [main] s.w.s.m.m.a.RequestMappingHandlerMapping : Mapped "{[/tickets],methods=[POST]}" onto com.wizz.seckill.Model.reqRes com.wizz.seckill.Controller.seckillController.resHandler(javax.servlet.http.HttpServletRequest,java.util.Map<java.lang.String, java.lang.Object>)
2018-05-19 15:51:37.750  INFO 3784 --- [main] s.w.s.m.m.a.RequestMappingHandlerMapping : Mapped "{[/error]}" onto public org.springframework.http.ResponseEntity<java.util.Map<java.lang.String, java.lang.Object>> org.springframework.boot.autoconfigure.web.servlet.error.BasicErrorController.error(javax.servlet.http.HttpServletRequest)
2018-05-19 15:51:37.751  INFO 3784 --- [main] s.w.s.m.m.a.RequestMappingHandlerMapping : Mapped "{[/error],produces=[text/html]}" onto public org.springframework.web.servlet.ModelAndView org.springframework.boot.autoconfigure.web.servlet.error.BasicErrorController.errorHtml(javax.servlet.http.HttpServletRequest,javax.servlet.http.HttpServletResponse)
2018-05-19 15:51:37.834  INFO 3784 --- [main] o.s.w.s.handler.SimpleUrlHandlerMapping  : Mapped URL path [/webjars/**] onto handler of type [class org.springframework.web.servlet.resource.ResourceHttpRequestHandler]
2018-05-19 15:51:37.841  INFO 3784 --- [main] o.s.w.s.handler.SimpleUrlHandlerMapping  : Mapped URL path [/**] onto handler of type [class org.springframework.web.servlet.resource.ResourceHttpRequestHandler]
2018-05-19 15:51:39.044  INFO 3784 --- [main] s.a.ScheduledAnnotationBeanPostProcessor : No TaskScheduler/ScheduledExecutorService bean found for scheduled processing
2018-05-19 15:51:39.063  INFO 3784 --- [main] c.w.seckill.Service.SysUserServiceTest   : Started SysUserServiceTest in 7.893 seconds (JVM running for 10.24)
2018-05-19 15:51:39.101  INFO 3784 --- [pool-1-thread-1] com.zaxxer.hikari.HikariDataSource       : HikariPool-1 - Starting...
2018-05-19 15:51:40.385  INFO 3784 --- [pool-1-thread-1] com.zaxxer.hikari.HikariDataSource       : HikariPool-1 - Start completed.
2018-05-19 15:51:40.495  INFO 3784 --- [main] c.w.seckill.Service.SysUserServiceTest   : user: SysUser(id=3, username=pjmike233, password=123456)
2018-05-19 15:51:40.503  INFO 3784 --- [Thread-2] o.s.w.c.s.GenericWebApplicationContext   : Closing org.springframework.web.context.support.GenericWebApplicationContext@72bc6553: startup date [Sat May 19 15:51:32 CST 2018]; root of context hierarchy
2018-05-19 15:51:40.517  INFO 3784 --- [Thread-2] com.zaxxer.hikari.HikariDataSource       : HikariPool-1 - Shutdown initiated...
2018-05-19 15:51:40.657  INFO 3784 --- [Thread-2] com.zaxxer.hikari.HikariDataSource       : HikariPool-1 - Shutdown completed.
2018-05-19 15:52:17.159  INFO 20952 --- [main] com.wizz.seckill.SeckillApplication      : Starting SeckillApplication on TUIG-20180212UW with PID 20952 (F:\IDEAproject\seckill-2\target\classes started by pjmike in F:\IDEAproject\seckill-2)
2018-05-19 15:52:17.164  INFO 20952 --- [main] com.wizz.seckill.SeckillApplication      : The following profiles are active: test
2018-05-19 15:52:17.260  INFO 20952 --- [main] ConfigServletWebServerApplicationContext : Refreshing org.springframework.boot.web.servlet.context.AnnotationConfigServletWebServerApplicationContext@17497425: startup date [Sat May 19 15:52:17 CST 2018]; root of context hierarchy
2018-05-19 15:52:18.533  INFO 20952 --- [main] .s.d.r.c.RepositoryConfigurationDelegate : Multiple Spring Data modules found, entering strict repository configuration mode!
2018-05-19 15:52:19.230  INFO 20952 --- [main] trationDelegate$BeanPostProcessorChecker : Bean 'org.springframework.transaction.annotation.ProxyTransactionManagementConfiguration' of type [org.springframework.transaction.annotation.ProxyTransactionManagementConfiguration$$EnhancerBySpringCGLIB$$57f0804d] is not eligible for getting processed by all BeanPostProcessors (for example: not eligible for auto-proxying)
2018-05-19 15:52:19.872  INFO 20952 --- [main] o.s.b.w.embedded.tomcat.TomcatWebServer  : Tomcat initialized with port(s): 7903 (http)
2018-05-19 15:52:19.920  INFO 20952 --- [main] o.apache.catalina.core.StandardService   : Starting service [Tomcat]
2018-05-19 15:52:19.921  INFO 20952 --- [main] org.apache.catalina.core.StandardEngine  : Starting Servlet Engine: Apache Tomcat/8.5.29
2018-05-19 15:52:19.929  INFO 20952 --- [localhost-startStop-1] o.a.catalina.core.AprLifecycleListener   : The APR based Apache Tomcat Native library which allows optimal performance in production environments was not found on the java.library.path: [C:\Program Files\Java\jdk1.8.0_121\bin;C:\WINDOWS\Sun\Java\bin;C:\WINDOWS\system32;C:\WINDOWS;C:\Program Files\Docker\Docker\Resources\bin;C:\ProgramData\Oracle\Java\javapath;C:\WINDOWS\system32;C:\WINDOWS;C:\WINDOWS\System32\Wbem;C:\WINDOWS\System32\WindowsPowerShell\v1.0\;G:\Git\cmd;C:\Program Files\nodejs\;C:\Users\Administrator\AppData\Local\Programs\Python\Python36\Scripts\;C:\Users\Administrator\AppData\Local\Programs\Python\Python36\;.;C:\Program Files\Java\jdk1.8.0_121\bin;C:\Program Files\Java\jdk1.8.0_121\jre\bin;C:\Users\Administrator\AppData\Local\Microsoft\WindowsApps;C:\Users\Administrator\AppData\Roaming\npm;G:\Microsoft VS Code\bin;G:\Fiddler;.]
2018-05-19 15:52:20.115  INFO 20952 --- [localhost-startStop-1] o.a.c.c.C.[Tomcat].[localhost].[/]       : Initializing Spring embedded WebApplicationContext
2018-05-19 15:52:20.116  INFO 20952 --- [localhost-startStop-1] o.s.web.context.ContextLoader            : Root WebApplicationContext: initialization completed in 2856 ms
2018-05-19 15:52:20.398  INFO 20952 --- [localhost-startStop-1] o.s.b.w.servlet.ServletRegistrationBean  : Servlet dispatcherServlet mapped to [/]
2018-05-19 15:52:20.404  INFO 20952 --- [localhost-startStop-1] o.s.b.w.servlet.FilterRegistrationBean   : Mapping filter: 'characterEncodingFilter' to: [/*]
2018-05-19 15:52:20.405  INFO 20952 --- [localhost-startStop-1] o.s.b.w.servlet.FilterRegistrationBean   : Mapping filter: 'hiddenHttpMethodFilter' to: [/*]
2018-05-19 15:52:20.406  INFO 20952 --- [localhost-startStop-1] o.s.b.w.servlet.FilterRegistrationBean   : Mapping filter: 'httpPutFormContentFilter' to: [/*]
2018-05-19 15:52:20.407  INFO 20952 --- [localhost-startStop-1] o.s.b.w.servlet.FilterRegistrationBean   : Mapping filter: 'requestContextFilter' to: [/*]
2018-05-19 15:52:21.357  INFO 20952 --- [main] o.s.w.s.handler.SimpleUrlHandlerMapping  : Mapped URL path [/**/favicon.ico] onto handler of type [class org.springframework.web.servlet.resource.ResourceHttpRequestHandler]
2018-05-19 15:52:21.758  INFO 20952 --- [main] s.w.s.m.m.a.RequestMappingHandlerAdapter : Looking for @ControllerAdvice: org.springframework.boot.web.servlet.context.AnnotationConfigServletWebServerApplicationContext@17497425: startup date [Sat May 19 15:52:17 CST 2018]; root of context hierarchy
2018-05-19 15:52:21.912  INFO 20952 --- [main] s.w.s.m.m.a.RequestMappingHandlerMapping : Mapped "{[/login],methods=[POST],produces=[application/json;charset=UTF-8]}" onto public com.wizz.seckill.Model.reqRes com.wizz.seckill.Controller.AccountController.signIn(java.util.Map<java.lang.String, java.lang.String>,javax.servlet.http.HttpServletResponse) throws java.io.UnsupportedEncodingException
2018-05-19 15:52:21.914  INFO 20952 --- [main] s.w.s.m.m.a.RequestMappingHandlerMapping : Mapped "{[/user],methods=[POST],produces=[application/json;charset=UTF-8]}" onto public com.wizz.seckill.Model.reqRes com.wizz.seckill.Controller.AccountController.signUp(java.util.Map<java.lang.String, java.lang.String>)
2018-05-19 15:52:21.915  INFO 20952 --- [main] s.w.s.m.m.a.RequestMappingHandlerMapping : Mapped "{[/tickets],methods=[POST]}" onto com.wizz.seckill.Model.reqRes com.wizz.seckill.Controller.seckillController.resHandler(javax.servlet.http.HttpServletRequest,java.util.Map<java.lang.String, java.lang.Object>)
2018-05-19 15:52:21.919  INFO 20952 --- [main] s.w.s.m.m.a.RequestMappingHandlerMapping : Mapped "{[/error]}" onto public org.springframework.http.ResponseEntity<java.util.Map<java.lang.String, java.lang.Object>> org.springframework.boot.autoconfigure.web.servlet.error.BasicErrorController.error(javax.servlet.http.HttpServletRequest)
2018-05-19 15:52:21.920  INFO 20952 --- [main] s.w.s.m.m.a.RequestMappingHandlerMapping : Mapped "{[/error],produces=[text/html]}" onto public org.springframework.web.servlet.ModelAndView org.springframework.boot.autoconfigure.web.servlet.error.BasicErrorController.errorHtml(javax.servlet.http.HttpServletRequest,javax.servlet.http.HttpServletResponse)
2018-05-19 15:52:21.962  INFO 20952 --- [main] o.s.w.s.handler.SimpleUrlHandlerMapping  : Mapped URL path [/webjars/**] onto handler of type [class org.springframework.web.servlet.resource.ResourceHttpRequestHandler]
2018-05-19 15:52:21.963  INFO 20952 --- [main] o.s.w.s.handler.SimpleUrlHandlerMapping  : Mapped URL path [/**] onto handler of type [class org.springframework.web.servlet.resource.ResourceHttpRequestHandler]
2018-05-19 15:52:22.587  INFO 20952 --- [main] o.s.j.e.a.AnnotationMBeanExporter        : Registering beans for JMX exposure on startup
2018-05-19 15:52:22.590  INFO 20952 --- [main] o.s.j.e.a.AnnotationMBeanExporter        : Bean with name 'dataSource' has been autodetected for JMX exposure
2018-05-19 15:52:22.599  INFO 20952 --- [main] o.s.j.e.a.AnnotationMBeanExporter        : Located MBean 'dataSource': registering with JMX server as MBean [com.zaxxer.hikari:name=dataSource,type=HikariDataSource]
2018-05-19 15:52:22.617  INFO 20952 --- [main] s.a.ScheduledAnnotationBeanPostProcessor : No TaskScheduler/ScheduledExecutorService bean found for scheduled processing
2018-05-19 15:52:22.690  INFO 20952 --- [pool-1-thread-1] com.zaxxer.hikari.HikariDataSource       : HikariPool-1 - Starting...
2018-05-19 15:52:22.693  INFO 20952 --- [main] o.s.b.w.embedded.tomcat.TomcatWebServer  : Tomcat started on port(s): 7903 (http) with context path ''
2018-05-19 15:52:22.702  INFO 20952 --- [main] com.wizz.seckill.SeckillApplication      : Started SeckillApplication in 6.354 seconds (JVM running for 8.82)
2018-05-19 15:52:23.809  INFO 20952 --- [pool-1-thread-1] com.zaxxer.hikari.HikariDataSource       : HikariPool-1 - Start completed.
2018-05-19 15:52:24.091  INFO 20952 --- [pool-1-thread-1] com.wizz.seckill.Service.TimerService    : 刷新缓存 数据库中有 : 456 缓存票数为 : 456
2018-05-19 15:52:27.759  INFO 20952 --- [pool-1-thread-1] com.wizz.seckill.Service.TimerService    : 刷新缓存 数据库中有 : 456 缓存票数为 : 456
2018-05-19 15:52:32.738  INFO 20952 --- [pool-1-thread-1] com.wizz.seckill.Service.TimerService    : 刷新缓存 数据库中有 : 456 缓存票数为 : 456
2018-05-19 15:52:37.750  INFO 20952 --- [pool-1-thread-1] com.wizz.seckill.Service.TimerService    : 刷新缓存 数据库中有 : 456 缓存票数为 : 456
2018-05-19 15:52:42.738  INFO 20952 --- [pool-1-thread-1] com.wizz.seckill.Service.TimerService    : 刷新缓存 数据库中有 : 456 缓存票数为 : 456
2018-05-19 15:52:47.739  INFO 20952 --- [pool-1-thread-1] com.wizz.seckill.Service.TimerService    : 刷新缓存 数据库中有 : 456 缓存票数为 : 456
2018-05-19 15:52:52.739  INFO 20952 --- [pool-1-thread-1] com.wizz.seckill.Service.TimerService    : 刷新缓存 数据库中有 : 456 缓存票数为 : 456
2018-05-19 15:52:57.758  INFO 20952 --- [pool-1-thread-1] com.wizz.seckill.Service.TimerService    : 刷新缓存 数据库中有 : 456 缓存票数为 : 456
2018-05-19 15:53:02.733  INFO 20952 --- [pool-1-thread-1] com.wizz.seckill.Service.TimerService    : 刷新缓存 数据库中有 : 456 缓存票数为 : 456
2018-05-19 15:53:07.739  INFO 20952 --- [pool-1-thread-1] com.wizz.seckill.Service.TimerService    : 刷新缓存 数据库中有 : 456 缓存票数为 : 456
2018-05-19 15:53:12.735  INFO 20952 --- [pool-1-thread-1] com.wizz.seckill.Service.TimerService    : 刷新缓存 数据库中有 : 456 缓存票数为 : 456
2018-05-19 15:53:17.743  INFO 20952 --- [pool-1-thread-1] com.wizz.seckill.Service.TimerService    : 刷新缓存 数据库中有 : 456 缓存票数为 : 456
2018-05-19 15:53:22.732  INFO 20952 --- [pool-1-thread-1] com.wizz.seckill.Service.TimerService    : 刷新缓存 数据库中有 : 456 缓存票数为 : 456
2018-05-19 15:53:27.729  INFO 20952 --- [pool-1-thread-1] com.wizz.seckill.Service.TimerService    : 刷新缓存 数据库中有 : 456 缓存票数为 : 456
2018-05-19 15:53:32.755  INFO 20952 --- [pool-1-thread-1] com.wizz.seckill.Service.TimerService    : 刷新缓存 数据库中有 : 456 缓存票数为 : 456
2018-05-19 15:53:37.732  INFO 20952 --- [pool-1-thread-1] com.wizz.seckill.Service.TimerService    : 刷新缓存 数据库中有 : 456 缓存票数为 : 456
2018-05-19 15:53:42.734  INFO 20952 --- [pool-1-thread-1] com.wizz.seckill.Service.TimerService    : 刷新缓存 数据库中有 : 456 缓存票数为 : 456
2018-05-19 15:53:47.732  INFO 20952 --- [pool-1-thread-1] com.wizz.seckill.Service.TimerService    : 刷新缓存 数据库中有 : 456 缓存票数为 : 456
2018-05-19 15:53:52.284  INFO 20952 --- [http-nio-7903-exec-1] o.a.c.c.C.[Tomcat].[localhost].[/]       : Initializing Spring FrameworkServlet 'dispatcherServlet'
2018-05-19 15:53:52.285  INFO 20952 --- [http-nio-7903-exec-1] o.s.web.servlet.DispatcherServlet        : FrameworkServlet 'dispatcherServlet': initialization started
2018-05-19 15:53:52.318  INFO 20952 --- [http-nio-7903-exec-1] o.s.web.servlet.DispatcherServlet        : FrameworkServlet 'dispatcherServlet': initialization completed in 33 ms
2018-05-19 15:53:52.749  INFO 20952 --- [pool-1-thread-1] com.wizz.seckill.Service.TimerService    : 刷新缓存 数据库中有 : 456 缓存票数为 : 456
2018-05-19 15:53:57.759  INFO 20952 --- [pool-1-thread-1] com.wizz.seckill.Service.TimerService    : 刷新缓存 数据库中有 : 456 缓存票数为 : 456
2018-05-19 15:54:02.750  INFO 20952 --- [pool-1-thread-1] com.wizz.seckill.Service.TimerService    : 刷新缓存 数据库中有 : 456 缓存票数为 : 456
2018-05-19 15:54:07.745  INFO 20952 --- [pool-1-thread-1] com.wizz.seckill.Service.TimerService    : 刷新缓存 数据库中有 : 456 缓存票数为 : 456
2018-05-19 15:54:12.755  INFO 20952 --- [pool-1-thread-1] com.wizz.seckill.Service.TimerService    : 刷新缓存 数据库中有 : 456 缓存票数为 : 456
2018-05-19 15:54:17.752  INFO 20952 --- [pool-1-thread-1] com.wizz.seckill.Service.TimerService    : 刷新缓存 数据库中有 : 456 缓存票数为 : 456
2018-05-19 15:54:22.749  INFO 20952 --- [pool-1-thread-1] com.wizz.seckill.Service.TimerService    : 刷新缓存 数据库中有 : 456 缓存票数为 : 456
2018-05-19 15:54:27.748  INFO 20952 --- [pool-1-thread-1] com.wizz.seckill.Service.TimerService    : 刷新缓存 数据库中有 : 456 缓存票数为 : 456
2018-05-19 15:54:32.756  INFO 20952 --- [pool-1-thread-1] com.wizz.seckill.Service.TimerService    : 刷新缓存 数据库中有 : 456 缓存票数为 : 456
2018-05-19 15:54:37.745  INFO 20952 --- [pool-1-thread-1] com.wizz.seckill.Service.TimerService    : 刷新缓存 数据库中有 : 456 缓存票数为 : 456
2018-05-19 15:54:42.748  INFO 20952 --- [pool-1-thread-1] com.wizz.seckill.Service.TimerService    : 刷新缓存 数据库中有 : 456 缓存票数为 : 456
2018-05-19 15:54:47.857  INFO 20952 --- [pool-1-thread-1] com.wizz.seckill.Service.TimerService    : 刷新缓存 数据库中有 : 456 缓存票数为 : 456
2018-05-19 15:54:52.748  INFO 20952 --- [pool-1-thread-1] com.wizz.seckill.Service.TimerService    : 刷新缓存 数据库中有 : 456 缓存票数为 : 456
2018-05-19 15:54:57.748  INFO 20952 --- [pool-1-thread-1] com.wizz.seckill.Service.TimerService    : 刷新缓存 数据库中有 : 456 缓存票数为 : 456
2018-05-19 15:55:02.748  INFO 20952 --- [pool-1-thread-1] com.wizz.seckill.Service.TimerService    : 刷新缓存 数据库中有 : 456 缓存票数为 : 456
2018-05-19 15:55:07.745  INFO 20952 --- [pool-1-thread-1] com.wizz.seckill.Service.TimerService    : 刷新缓存 数据库中有 : 456 缓存票数为 : 456
2018-05-19 15:55:12.760  INFO 20952 --- [pool-1-thread-1] com.wizz.seckill.Service.TimerService    : 刷新缓存 数据库中有 : 456 缓存票数为 : 456
2018-05-19 15:55:17.744  INFO 20952 --- [pool-1-thread-1] com.wizz.seckill.Service.TimerService    : 刷新缓存 数据库中有 : 456 缓存票数为 : 456
2018-05-19 15:55:22.840  INFO 20952 --- [pool-1-thread-1] com.wizz.seckill.Service.TimerService    : 刷新缓存 数据库中有 : 456 缓存票数为 : 456
2018-05-19 15:55:27.747  INFO 20952 --- [pool-1-thread-1] com.wizz.seckill.Service.TimerService    : 刷新缓存 数据库中有 : 456 缓存票数为 : 456
2018-05-19 15:55:32.745  INFO 20952 --- [pool-1-thread-1] com.wizz.seckill.Service.TimerService    : 刷新缓存 数据库中有 : 456 缓存票数为 : 456
2018-05-19 15:55:37.750  INFO 20952 --- [pool-1-thread-1] com.wizz.seckill.Service.TimerService    : 刷新缓存 数据库中有 : 456 缓存票数为 : 456
2018-05-19 15:55:42.762  INFO 20952 --- [pool-1-thread-1] com.wizz.seckill.Service.TimerService    : 刷新缓存 数据库中有 : 456 缓存票数为 : 456
2018-05-19 15:55:47.744  INFO 20952 --- [pool-1-thread-1] com.wizz.seckill.Service.TimerService    : 刷新缓存 数据库中有 : 456 缓存票数为 : 456
2018-05-19 15:55:52.763  INFO 20952 --- [pool-1-thread-1] com.wizz.seckill.Service.TimerService    : 刷新缓存 数据库中有 : 456 缓存票数为 : 456
2018-05-19 15:55:57.749  INFO 20952 --- [pool-1-thread-1] com.wizz.seckill.Service.TimerService    : 刷新缓存 数据库中有 : 456 缓存票数为 : 456
2018-05-19 15:56:02.741  INFO 20952 --- [pool-1-thread-1] com.wizz.seckill.Service.TimerService    : 刷新缓存 数据库中有 : 456 缓存票数为 : 456
2018-05-19 15:56:07.753  INFO 20952 --- [pool-1-thread-1] com.wizz.seckill.Service.TimerService    : 刷新缓存 数据库中有 : 456 缓存票数为 : 456
2018-05-19 15:56:12.772  INFO 20952 --- [pool-1-thread-1] com.wizz.seckill.Service.TimerService    : 刷新缓存 数据库中有 : 456 缓存票数为 : 456
2018-05-19 15:56:17.755  INFO 20952 --- [pool-1-thread-1] com.wizz.seckill.Service.TimerService    : 刷新缓存 数据库中有 : 456 缓存票数为 : 456
2018-05-19 15:56:22.756  INFO 20952 --- [pool-1-thread-1] com.wizz.seckill.Service.TimerService    : 刷新缓存 数据库中有 : 456 缓存票数为 : 456
2018-05-19 15:56:27.752  INFO 20952 --- [pool-1-thread-1] com.wizz.seckill.Service.TimerService    : 刷新缓存 数据库中有 : 456 缓存票数为 : 456
2018-05-19 15:56:32.741  INFO 20952 --- [pool-1-thread-1] com.wizz.seckill.Service.TimerService    : 刷新缓存 数据库中有 : 456 缓存票数为 : 456
2018-05-19 15:56:37.755  INFO 20952 --- [pool-1-thread-1] com.wizz.seckill.Service.TimerService    : 刷新缓存 数据库中有 : 456 缓存票数为 : 456
2018-05-19 15:56:42.751  INFO 20952 --- [pool-1-thread-1] com.wizz.seckill.Service.TimerService    : 刷新缓存 数据库中有 : 456 缓存票数为 : 456
2018-05-19 15:56:47.740  INFO 20952 --- [pool-1-thread-1] com.wizz.seckill.Service.TimerService    : 刷新缓存 数据库中有 : 456 缓存票数为 : 456
2018-05-19 15:56:52.761  INFO 20952 --- [pool-1-thread-1] com.wizz.seckill.Service.TimerService    : 刷新缓存 数据库中有 : 456 缓存票数为 : 456
